2021-07-16 14:56:18 A0000_start_container.sh running with pid 16
2021-07-16 14:56:18 A0000 Configurating default host strategy.
2021-07-16 14:56:18 A0000 Checking if certificates need to be copied from /etc/qradar_pki to /etc/pki
2021-07-16 14:56:18 A0000 /etc/qradar_pki does not exist, skipping
2021-07-16 14:56:18 A0000 Attempting to update hosts file with FQDN if present in environment variables
2021-07-16 14:56:18 A0000 FQDN and console ip environment variables not found, skipping adding entry to hosts file
2021-07-16 14:56:18 A0000 Did not find console PEM cert in environment
2021-07-16 14:56:18 A0000_start_container.sh exited with status 0
2021-07-16 14:56:18 A9800_configure.sh running with pid 26
2021-07-16 14:56:18 A9800 Altering sudo access for appuser to allow only update_ca_bundle.sh
2021-07-16 14:56:18 A9800_configure.sh exited with status 0
2021-07-16 14:56:18 A9900_supervisord.sh running with pid 35
2021-07-16 14:56:18 A9900 Starting supervisord
 * Serving Flask app "app" (lazy loading)
 * Environment: development
 * Debug mode: on
 * Running on http://0.0.0.0:5000/ (Press CTRL+C to quit)
 * Restarting with stat
 * Debugger is active!
 * Debugger PIN: 115-641-669
172.17.0.1 - - [16/Jul/2021 14:56:27] "[35m[1mGET / HTTP/1.1[0m" 500 -
Traceback (most recent call last):
  File "/usr/local/lib/python3.6/site-packages/flask/_compat.py", line 39, in reraise
    raise value
  File "/usr/local/lib/python3.6/site-packages/flask/cli.py", line 99, in find_best_app
    'Use "FLASK_APP={module}:name to specify one.'.format(module=module.__name__)
flask.cli.NoAppException: Failed to find Flask application or factory in module "app". Use "FLASK_APP=app:name to specify one.
172.17.0.1 - - [16/Jul/2021 14:56:27] "[37mGET /?__debugger__=yes&cmd=resource&f=style.css HTTP/1.1[0m" 200 -
172.17.0.1 - - [16/Jul/2021 14:56:27] "[37mGET /?__debugger__=yes&cmd=resource&f=jquery.js HTTP/1.1[0m" 200 -
172.17.0.1 - - [16/Jul/2021 14:56:27] "[37mGET /?__debugger__=yes&cmd=resource&f=debugger.js HTTP/1.1[0m" 200 -
172.17.0.1 - - [16/Jul/2021 14:56:27] "[37mGET /?__debugger__=yes&cmd=resource&f=console.png HTTP/1.1[0m" 200 -
172.17.0.1 - - [16/Jul/2021 14:56:27] "[37mGET /?__debugger__=yes&cmd=resource&f=ubuntu.ttf HTTP/1.1[0m" 200 -
172.17.0.1 - - [16/Jul/2021 14:56:27] "[37mGET /?__debugger__=yes&cmd=resource&f=console.png HTTP/1.1[0m" 200 -
2021-07-16 14:57:04 No /opt/app-root/container/clean/cleanup.sh script found, skipping cleanup
2021-07-16 15:01:12 A0000_start_container.sh running with pid 15
2021-07-16 15:01:12 A0000 Configurating default host strategy.
2021-07-16 15:01:12 A0000 Checking if certificates need to be copied from /etc/qradar_pki to /etc/pki
2021-07-16 15:01:12 A0000 /etc/qradar_pki does not exist, skipping
2021-07-16 15:01:12 A0000 Attempting to update hosts file with FQDN if present in environment variables
2021-07-16 15:01:12 A0000 FQDN and console ip environment variables not found, skipping adding entry to hosts file
2021-07-16 15:01:12 A0000 Did not find console PEM cert in environment
2021-07-16 15:01:12 A0000_start_container.sh exited with status 0
2021-07-16 15:01:12 A9800_configure.sh running with pid 25
2021-07-16 15:01:12 A9800 Altering sudo access for appuser to allow only update_ca_bundle.sh
2021-07-16 15:01:12 A9800_configure.sh exited with status 0
2021-07-16 15:01:12 A9900_supervisord.sh running with pid 34
2021-07-16 15:01:12 A9900 Starting supervisord
 * Serving Flask app "app" (lazy loading)
 * Environment: development
 * Debug mode: on
 * Running on http://0.0.0.0:5000/ (Press CTRL+C to quit)
 * Restarting with stat
 * Debugger is active!
 * Debugger PIN: 338-850-042
172.17.0.1 - - [16/Jul/2021 15:01:21] "[37mGET / HTTP/1.1[0m" 200 -
172.17.0.1 - - [16/Jul/2021 15:01:21] "[37mGET /static/styles.css HTTP/1.1[0m" 200 -
172.17.0.1 - - [16/Jul/2021 15:01:21] "[37mGET /favicon.ico HTTP/1.1[0m" 200 -
172.17.0.1 - - [16/Jul/2021 15:08:23] "[37mGET /erin HTTP/1.1[0m" 200 -
 * Detected change in '/opt/app-root/app/views.py', reloading
 * Restarting with stat
 * Debugger is active!
 * Debugger PIN: 338-850-042
2021-07-16 15:36:23 No /opt/app-root/container/clean/cleanup.sh script found, skipping cleanup
2021-07-16 15:36:31 A0000_start_container.sh running with pid 15
2021-07-16 15:36:31 A0000 Configurating default host strategy.
2021-07-16 15:36:31 A0000 Checking if certificates need to be copied from /etc/qradar_pki to /etc/pki
2021-07-16 15:36:31 A0000 /etc/qradar_pki does not exist, skipping
2021-07-16 15:36:31 A0000 Attempting to update hosts file with FQDN if present in environment variables
2021-07-16 15:36:31 A0000 FQDN and console ip environment variables not found, skipping adding entry to hosts file
2021-07-16 15:36:31 A0000 Did not find console PEM cert in environment
2021-07-16 15:36:31 A0000_start_container.sh exited with status 0
2021-07-16 15:36:31 A9800_configure.sh running with pid 25
2021-07-16 15:36:31 A9800 Altering sudo access for appuser to allow only update_ca_bundle.sh
2021-07-16 15:36:31 A9800_configure.sh exited with status 0
2021-07-16 15:36:31 A9900_supervisord.sh running with pid 34
2021-07-16 15:36:31 A9900 Starting supervisord
 * Serving Flask app "app" (lazy loading)
 * Environment: development
 * Debug mode: on
 * Running on http://0.0.0.0:5000/ (Press CTRL+C to quit)
 * Restarting with stat
 * Debugger is active!
 * Debugger PIN: 276-633-580
2021-07-16 15:36:35 No /opt/app-root/container/clean/cleanup.sh script found, skipping cleanup
2021-07-16 15:36:44 A0000_start_container.sh running with pid 15
2021-07-16 15:36:44 A0000 Configurating default host strategy.
2021-07-16 15:36:44 A0000 Checking if certificates need to be copied from /etc/qradar_pki to /etc/pki
2021-07-16 15:36:44 A0000 /etc/qradar_pki does not exist, skipping
2021-07-16 15:36:44 A0000 Attempting to update hosts file with FQDN if present in environment variables
2021-07-16 15:36:44 A0000 FQDN and console ip environment variables not found, skipping adding entry to hosts file
2021-07-16 15:36:44 A0000 Did not find console PEM cert in environment
2021-07-16 15:36:44 A0000_start_container.sh exited with status 0
2021-07-16 15:36:44 A9800_configure.sh running with pid 25
2021-07-16 15:36:45 A9800 Altering sudo access for appuser to allow only update_ca_bundle.sh
2021-07-16 15:36:45 A9800_configure.sh exited with status 0
2021-07-16 15:36:45 A9900_supervisord.sh running with pid 34
2021-07-16 15:36:45 A9900 Starting supervisord
 * Serving Flask app "app" (lazy loading)
 * Environment: development
 * Debug mode: on
 * Running on http://0.0.0.0:5000/ (Press CTRL+C to quit)
 * Restarting with stat
 * Debugger is active!
 * Debugger PIN: 630-675-882
172.17.0.1 - - [16/Jul/2021 15:36:51] "[37mGET / HTTP/1.1[0m" 200 -
172.17.0.1 - - [16/Jul/2021 15:36:51] "[37mGET /static/react/static/css/main.8c8b27cf.chunk.css HTTP/1.1[0m" 200 -
172.17.0.1 - - [16/Jul/2021 15:36:51] "[37mGET /static/react/static/js/main.43ab599a.chunk.js HTTP/1.1[0m" 200 -
172.17.0.1 - - [16/Jul/2021 15:36:51] "[37mGET /static/react/static/js/2.4ca33314.chunk.js HTTP/1.1[0m" 200 -
172.17.0.1 - - [16/Jul/2021 15:36:51] "[37mGET /static/react/static/media/logo.6ce24c58.svg HTTP/1.1[0m" 200 -
172.17.0.1 - - [16/Jul/2021 15:36:51] "[37mGET /static/react/manifest.json HTTP/1.1[0m" 200 -
172.17.0.1 - - [16/Jul/2021 15:36:51] "[37mGET /static/react/favicon.ico HTTP/1.1[0m" 200 -
172.17.0.1 - - [16/Jul/2021 15:36:51] "[37mGET /static/react/logo192.png HTTP/1.1[0m" 200 -
 * Detected change in '/opt/app-root/app/views.py', reloading
 * Restarting with stat
 * Debugger is active!
 * Debugger PIN: 630-675-882
2021-07-19 09:18:44 No /opt/app-root/container/clean/cleanup.sh script found, skipping cleanup
2021-07-19 09:19:37 A0000_start_container.sh running with pid 15
2021-07-19 09:19:37 A0000 Configurating default host strategy.
2021-07-19 09:19:37 A0000 Checking if certificates need to be copied from /etc/qradar_pki to /etc/pki
2021-07-19 09:19:37 A0000 /etc/qradar_pki does not exist, skipping
2021-07-19 09:19:37 A0000 Attempting to update hosts file with FQDN if present in environment variables
2021-07-19 09:19:37 A0000 FQDN and console ip environment variables not found, skipping adding entry to hosts file
2021-07-19 09:19:37 A0000 Did not find console PEM cert in environment
2021-07-19 09:19:37 A0000_start_container.sh exited with status 0
2021-07-19 09:19:37 A9800_configure.sh running with pid 25
2021-07-19 09:19:37 A9800 Altering sudo access for appuser to allow only update_ca_bundle.sh
2021-07-19 09:19:37 A9800_configure.sh exited with status 0
2021-07-19 09:19:37 A9900_supervisord.sh running with pid 34
2021-07-19 09:19:37 A9900 Starting supervisord
 * Serving Flask app "app" (lazy loading)
 * Environment: development
 * Debug mode: on
 * Running on http://0.0.0.0:5000/ (Press CTRL+C to quit)
 * Restarting with stat
 * Debugger is active!
 * Debugger PIN: 278-050-866
172.17.0.1 - - [19/Jul/2021 09:19:47] "[35m[1mGET / HTTP/1.1[0m" 500 -
Traceback (most recent call last):
  File "/usr/local/lib/python3.6/site-packages/flask/app.py", line 2463, in __call__
    return self.wsgi_app(environ, start_response)
  File "/usr/local/lib/python3.6/site-packages/flask/app.py", line 2449, in wsgi_app
    response = self.handle_exception(e)
  File "/usr/local/lib/python3.6/site-packages/flask/app.py", line 1866, in handle_exception
    reraise(exc_type, exc_value, tb)
  File "/usr/local/lib/python3.6/site-packages/flask/_compat.py", line 39, in reraise
    raise value
  File "/usr/local/lib/python3.6/site-packages/flask/app.py", line 2446, in wsgi_app
    response = self.full_dispatch_request()
  File "/usr/local/lib/python3.6/site-packages/flask/app.py", line 1951, in full_dispatch_request
    rv = self.handle_user_exception(e)
  File "/usr/local/lib/python3.6/site-packages/flask/app.py", line 1820, in handle_user_exception
    reraise(exc_type, exc_value, tb)
  File "/usr/local/lib/python3.6/site-packages/flask/_compat.py", line 39, in reraise
    raise value
  File "/usr/local/lib/python3.6/site-packages/flask/app.py", line 1949, in full_dispatch_request
    rv = self.dispatch_request()
  File "/usr/local/lib/python3.6/site-packages/flask/app.py", line 1935, in dispatch_request
    return self.view_functions[rule.endpoint](**req.view_args)
  File "/opt/app-root/app/views.py", line 22, in index
    response = qpylib.REST('get', '/api/siem/offenses')
  File "/usr/local/lib/python3.6/site-packages/qpylib/qpylib.py", line 119, in REST
    params, json_body, rest_verify, timeout, **kwargs)
  File "/usr/local/lib/python3.6/site-packages/qpylib/rest_qpylib.py", line 20, in rest
    full_url = _generate_full_url(request_url)
  File "/usr/local/lib/python3.6/site-packages/qpylib/rest_qpylib.py", line 56, in _generate_full_url
    return "https://{0}/{1}".format(app_qpylib.get_console_fqdn(), request_url)
  File "/usr/local/lib/python3.6/site-packages/qpylib/app_qpylib.py", line 56, in get_console_fqdn
    return get_env_var('QRADAR_CONSOLE_FQDN')
  File "/usr/local/lib/python3.6/site-packages/qpylib/app_qpylib.py", line 61, in get_env_var
    raise KeyError('Environment variable {0} is not set'.format(key))
KeyError: 'Environment variable QRADAR_CONSOLE_FQDN is not set'
172.17.0.1 - - [19/Jul/2021 09:19:47] "[37mGET /?__debugger__=yes&cmd=resource&f=style.css HTTP/1.1[0m" 200 -
172.17.0.1 - - [19/Jul/2021 09:19:47] "[37mGET /?__debugger__=yes&cmd=resource&f=debugger.js HTTP/1.1[0m" 200 -
172.17.0.1 - - [19/Jul/2021 09:19:47] "[37mGET /?__debugger__=yes&cmd=resource&f=jquery.js HTTP/1.1[0m" 200 -
172.17.0.1 - - [19/Jul/2021 09:19:47] "[37mGET /?__debugger__=yes&cmd=resource&f=console.png HTTP/1.1[0m" 200 -
172.17.0.1 - - [19/Jul/2021 09:19:47] "[37mGET /?__debugger__=yes&cmd=resource&f=ubuntu.ttf HTTP/1.1[0m" 200 -
172.17.0.1 - - [19/Jul/2021 09:19:47] "[37mGET /?__debugger__=yes&cmd=resource&f=console.png HTTP/1.1[0m" 200 -
2021-07-19 09:20:17 No /opt/app-root/container/clean/cleanup.sh script found, skipping cleanup
2021-07-19 09:20:25 A0000_start_container.sh running with pid 15
2021-07-19 09:20:25 A0000 Configurating default host strategy.
2021-07-19 09:20:25 A0000 Checking if certificates need to be copied from /etc/qradar_pki to /etc/pki
2021-07-19 09:20:25 A0000 /etc/qradar_pki does not exist, skipping
2021-07-19 09:20:25 A0000 Attempting to update hosts file with FQDN if present in environment variables
2021-07-19 09:20:25 A0000 FQDN and console ip environment variables not found, skipping adding entry to hosts file
2021-07-19 09:20:25 A0000 Did not find console PEM cert in environment
2021-07-19 09:20:26 A0000_start_container.sh exited with status 0
2021-07-19 09:20:26 A9800_configure.sh running with pid 25
2021-07-19 09:20:26 A9800 Altering sudo access for appuser to allow only update_ca_bundle.sh
2021-07-19 09:20:26 A9800_configure.sh exited with status 0
2021-07-19 09:20:26 A9900_supervisord.sh running with pid 34
2021-07-19 09:20:26 A9900 Starting supervisord
 * Serving Flask app "app" (lazy loading)
 * Environment: development
 * Debug mode: on
 * Running on http://0.0.0.0:5000/ (Press CTRL+C to quit)
 * Restarting with stat
 * Debugger is active!
 * Debugger PIN: 218-359-038
2021-07-19 09:20:44 No /opt/app-root/container/clean/cleanup.sh script found, skipping cleanup
2021-07-19 09:20:53 A0000_start_container.sh running with pid 15
2021-07-19 09:20:53 A0000 Configurating default host strategy.
2021-07-19 09:20:53 A0000 Checking if certificates need to be copied from /etc/qradar_pki to /etc/pki
2021-07-19 09:20:53 A0000 /etc/qradar_pki does not exist, skipping
2021-07-19 09:20:53 A0000 Attempting to update hosts file with FQDN if present in environment variables
2021-07-19 09:20:53 A0000 FQDN and console ip found in environment variables, will add to hosts file if required
2021-07-19 09:20:53 A0000 Hosts entry not present for FQDN, adding to /etc/hosts
2021-07-19 09:20:53 A0000 Did not find console PEM cert in environment
2021-07-19 09:20:53 A0000_start_container.sh exited with status 0
2021-07-19 09:20:53 A9800_configure.sh running with pid 31
2021-07-19 09:20:53 A9800 Altering sudo access for appuser to allow only update_ca_bundle.sh
2021-07-19 09:20:53 A9800_configure.sh exited with status 0
2021-07-19 09:20:53 A9900_supervisord.sh running with pid 40
2021-07-19 09:20:53 A9900 Starting supervisord
 * Serving Flask app "app" (lazy loading)
 * Environment: development
 * Debug mode: on
 * Running on http://0.0.0.0:5000/ (Press CTRL+C to quit)
 * Restarting with stat
 * Debugger is active!
 * Debugger PIN: 406-521-778
/usr/local/lib/python3.6/site-packages/urllib3/connectionpool.py:1004: InsecureRequestWarning: Unverified HTTPS request is being made to host 'topaz.secintel.intranet.ibm.com'. Adding certificate verification is strongly advised. See: https://urllib3.readthedocs.io/en/latest/advanced-usage.html#ssl-warnings
  InsecureRequestWarning,
172.17.0.1 - - [19/Jul/2021 09:21:15] "[35m[1mGET / HTTP/1.1[0m" 500 -
Traceback (most recent call last):
  File "/usr/lib64/python3.6/json/decoder.py", line 355, in raw_decode
    obj, end = self.scan_once(s, idx)
StopIteration: 0

During handling of the above exception, another exception occurred:

Traceback (most recent call last):
  File "/usr/local/lib/python3.6/site-packages/flask/app.py", line 2463, in __call__
    return self.wsgi_app(environ, start_response)
  File "/usr/local/lib/python3.6/site-packages/flask/app.py", line 2449, in wsgi_app
    response = self.handle_exception(e)
  File "/usr/local/lib/python3.6/site-packages/flask/app.py", line 1866, in handle_exception
    reraise(exc_type, exc_value, tb)
  File "/usr/local/lib/python3.6/site-packages/flask/_compat.py", line 39, in reraise
    raise value
  File "/usr/local/lib/python3.6/site-packages/flask/app.py", line 2446, in wsgi_app
    response = self.full_dispatch_request()
  File "/usr/local/lib/python3.6/site-packages/flask/app.py", line 1951, in full_dispatch_request
    rv = self.handle_user_exception(e)
  File "/usr/local/lib/python3.6/site-packages/flask/app.py", line 1820, in handle_user_exception
    reraise(exc_type, exc_value, tb)
  File "/usr/local/lib/python3.6/site-packages/flask/_compat.py", line 39, in reraise
    raise value
  File "/usr/local/lib/python3.6/site-packages/flask/app.py", line 1949, in full_dispatch_request
    rv = self.dispatch_request()
  File "/usr/local/lib/python3.6/site-packages/flask/app.py", line 1935, in dispatch_request
    return self.view_functions[rule.endpoint](**req.view_args)
  File "/opt/app-root/app/views.py", line 23, in index
    offenses = response.json()
  File "/usr/local/lib/python3.6/site-packages/requests/models.py", line 897, in json
    return complexjson.loads(self.text, **kwargs)
  File "/usr/lib64/python3.6/json/__init__.py", line 354, in loads
    return _default_decoder.decode(s)
  File "/usr/lib64/python3.6/json/decoder.py", line 339, in decode
    obj, end = self.raw_decode(s, idx=_w(s, 0).end())
  File "/usr/lib64/python3.6/json/decoder.py", line 357, in raw_decode
    raise JSONDecodeError("Expecting value", s, err.value) from None
json.decoder.JSONDecodeError: Expecting value: line 1 column 1 (char 0)
172.17.0.1 - - [19/Jul/2021 09:21:15] "[37mGET /?__debugger__=yes&cmd=resource&f=style.css HTTP/1.1[0m" 200 -
172.17.0.1 - - [19/Jul/2021 09:21:15] "[37mGET /?__debugger__=yes&cmd=resource&f=jquery.js HTTP/1.1[0m" 200 -
172.17.0.1 - - [19/Jul/2021 09:21:15] "[37mGET /?__debugger__=yes&cmd=resource&f=debugger.js HTTP/1.1[0m" 200 -
172.17.0.1 - - [19/Jul/2021 09:21:15] "[37mGET /?__debugger__=yes&cmd=resource&f=console.png HTTP/1.1[0m" 200 -
172.17.0.1 - - [19/Jul/2021 09:21:15] "[37mGET /?__debugger__=yes&cmd=resource&f=ubuntu.ttf HTTP/1.1[0m" 200 -
172.17.0.1 - - [19/Jul/2021 09:21:15] "[37mGET /?__debugger__=yes&cmd=resource&f=console.png HTTP/1.1[0m" 200 -
2021-07-19 09:21:45 No /opt/app-root/container/clean/cleanup.sh script found, skipping cleanup
2021-07-19 09:21:56 A0000_start_container.sh running with pid 14
2021-07-19 09:21:56 A0000 Configurating default host strategy.
2021-07-19 09:21:56 A0000 Checking if certificates need to be copied from /etc/qradar_pki to /etc/pki
2021-07-19 09:21:56 A0000 /etc/qradar_pki does not exist, skipping
2021-07-19 09:21:56 A0000 Attempting to update hosts file with FQDN if present in environment variables
2021-07-19 09:21:56 A0000 FQDN and console ip found in environment variables, will add to hosts file if required
2021-07-19 09:21:56 A0000 Hosts entry not present for FQDN, adding to /etc/hosts
2021-07-19 09:21:56 A0000 Did not find console PEM cert in environment
2021-07-19 09:21:56 A0000_start_container.sh exited with status 0
2021-07-19 09:21:56 A9800_configure.sh running with pid 30
2021-07-19 09:21:56 A9800 Altering sudo access for appuser to allow only update_ca_bundle.sh
2021-07-19 09:21:56 A9800_configure.sh exited with status 0
2021-07-19 09:21:56 A9900_supervisord.sh running with pid 39
2021-07-19 09:21:56 A9900 Starting supervisord
 * Serving Flask app "app" (lazy loading)
 * Environment: development
 * Debug mode: on
 * Running on http://0.0.0.0:5000/ (Press CTRL+C to quit)
 * Restarting with stat
 * Debugger is active!
 * Debugger PIN: 150-604-887
/usr/local/lib/python3.6/site-packages/urllib3/connectionpool.py:1004: InsecureRequestWarning: Unverified HTTPS request is being made to host 'topaz.secintel.intranet.ibm.com'. Adding certificate verification is strongly advised. See: https://urllib3.readthedocs.io/en/latest/advanced-usage.html#ssl-warnings
  InsecureRequestWarning,
172.17.0.1 - - [19/Jul/2021 09:22:05] "[35m[1mGET / HTTP/1.1[0m" 500 -
Traceback (most recent call last):
  File "/usr/lib64/python3.6/json/decoder.py", line 355, in raw_decode
    obj, end = self.scan_once(s, idx)
StopIteration: 0

During handling of the above exception, another exception occurred:

Traceback (most recent call last):
  File "/usr/local/lib/python3.6/site-packages/flask/app.py", line 2463, in __call__
    return self.wsgi_app(environ, start_response)
  File "/usr/local/lib/python3.6/site-packages/flask/app.py", line 2449, in wsgi_app
    response = self.handle_exception(e)
  File "/usr/local/lib/python3.6/site-packages/flask/app.py", line 1866, in handle_exception
    reraise(exc_type, exc_value, tb)
  File "/usr/local/lib/python3.6/site-packages/flask/_compat.py", line 39, in reraise
    raise value
  File "/usr/local/lib/python3.6/site-packages/flask/app.py", line 2446, in wsgi_app
    response = self.full_dispatch_request()
  File "/usr/local/lib/python3.6/site-packages/flask/app.py", line 1951, in full_dispatch_request
    rv = self.handle_user_exception(e)
  File "/usr/local/lib/python3.6/site-packages/flask/app.py", line 1820, in handle_user_exception
    reraise(exc_type, exc_value, tb)
  File "/usr/local/lib/python3.6/site-packages/flask/_compat.py", line 39, in reraise
    raise value
  File "/usr/local/lib/python3.6/site-packages/flask/app.py", line 1949, in full_dispatch_request
    rv = self.dispatch_request()
  File "/usr/local/lib/python3.6/site-packages/flask/app.py", line 1935, in dispatch_request
    return self.view_functions[rule.endpoint](**req.view_args)
  File "/opt/app-root/app/views.py", line 23, in index
    offenses = response.json()
  File "/usr/local/lib/python3.6/site-packages/requests/models.py", line 897, in json
    return complexjson.loads(self.text, **kwargs)
  File "/usr/lib64/python3.6/json/__init__.py", line 354, in loads
    return _default_decoder.decode(s)
  File "/usr/lib64/python3.6/json/decoder.py", line 339, in decode
    obj, end = self.raw_decode(s, idx=_w(s, 0).end())
  File "/usr/lib64/python3.6/json/decoder.py", line 357, in raw_decode
    raise JSONDecodeError("Expecting value", s, err.value) from None
json.decoder.JSONDecodeError: Expecting value: line 1 column 1 (char 0)
172.17.0.1 - - [19/Jul/2021 09:22:05] "[37mGET /?__debugger__=yes&cmd=resource&f=style.css HTTP/1.1[0m" 200 -
172.17.0.1 - - [19/Jul/2021 09:22:05] "[37mGET /?__debugger__=yes&cmd=resource&f=jquery.js HTTP/1.1[0m" 200 -
172.17.0.1 - - [19/Jul/2021 09:22:05] "[37mGET /?__debugger__=yes&cmd=resource&f=debugger.js HTTP/1.1[0m" 200 -
172.17.0.1 - - [19/Jul/2021 09:22:06] "[37mGET /?__debugger__=yes&cmd=resource&f=console.png HTTP/1.1[0m" 200 -
172.17.0.1 - - [19/Jul/2021 09:22:06] "[37mGET /?__debugger__=yes&cmd=resource&f=ubuntu.ttf HTTP/1.1[0m" 200 -
172.17.0.1 - - [19/Jul/2021 09:22:06] "[37mGET /?__debugger__=yes&cmd=resource&f=console.png HTTP/1.1[0m" 200 -
2021-07-19 09:22:21 No /opt/app-root/container/clean/cleanup.sh script found, skipping cleanup
2021-07-19 09:22:56 A0000_start_container.sh running with pid 14
2021-07-19 09:22:56 A0000 Configurating default host strategy.
2021-07-19 09:22:56 A0000 Checking if certificates need to be copied from /etc/qradar_pki to /etc/pki
2021-07-19 09:22:56 A0000 /etc/qradar_pki does not exist, skipping
2021-07-19 09:22:56 A0000 Attempting to update hosts file with FQDN if present in environment variables
2021-07-19 09:22:56 A0000 FQDN and console ip found in environment variables, will add to hosts file if required
2021-07-19 09:22:56 A0000 Hosts entry not present for FQDN, adding to /etc/hosts
2021-07-19 09:22:56 A0000 Did not find console PEM cert in environment
2021-07-19 09:22:56 A0000_start_container.sh exited with status 0
2021-07-19 09:22:56 A9800_configure.sh running with pid 30
2021-07-19 09:22:56 A9800 Altering sudo access for appuser to allow only update_ca_bundle.sh
2021-07-19 09:22:57 A9800_configure.sh exited with status 0
2021-07-19 09:22:57 A9900_supervisord.sh running with pid 39
2021-07-19 09:22:57 A9900 Starting supervisord
 * Serving Flask app "app" (lazy loading)
 * Environment: development
 * Debug mode: on
 * Running on http://0.0.0.0:5000/ (Press CTRL+C to quit)
 * Restarting with stat
 * Debugger is active!
 * Debugger PIN: 109-869-254
/usr/local/lib/python3.6/site-packages/urllib3/connectionpool.py:1004: InsecureRequestWarning: Unverified HTTPS request is being made to host 'topaz.secintel.intranet.ibm.com'. Adding certificate verification is strongly advised. See: https://urllib3.readthedocs.io/en/latest/advanced-usage.html#ssl-warnings
  InsecureRequestWarning,
172.17.0.1 - - [19/Jul/2021 09:23:08] "[35m[1mGET / HTTP/1.1[0m" 500 -
Traceback (most recent call last):
  File "/usr/lib64/python3.6/json/decoder.py", line 355, in raw_decode
    obj, end = self.scan_once(s, idx)
StopIteration: 0

During handling of the above exception, another exception occurred:

Traceback (most recent call last):
  File "/usr/local/lib/python3.6/site-packages/flask/app.py", line 2463, in __call__
    return self.wsgi_app(environ, start_response)
  File "/usr/local/lib/python3.6/site-packages/flask/app.py", line 2449, in wsgi_app
    response = self.handle_exception(e)
  File "/usr/local/lib/python3.6/site-packages/flask/app.py", line 1866, in handle_exception
    reraise(exc_type, exc_value, tb)
  File "/usr/local/lib/python3.6/site-packages/flask/_compat.py", line 39, in reraise
    raise value
  File "/usr/local/lib/python3.6/site-packages/flask/app.py", line 2446, in wsgi_app
    response = self.full_dispatch_request()
  File "/usr/local/lib/python3.6/site-packages/flask/app.py", line 1951, in full_dispatch_request
    rv = self.handle_user_exception(e)
  File "/usr/local/lib/python3.6/site-packages/flask/app.py", line 1820, in handle_user_exception
    reraise(exc_type, exc_value, tb)
  File "/usr/local/lib/python3.6/site-packages/flask/_compat.py", line 39, in reraise
    raise value
  File "/usr/local/lib/python3.6/site-packages/flask/app.py", line 1949, in full_dispatch_request
    rv = self.dispatch_request()
  File "/usr/local/lib/python3.6/site-packages/flask/app.py", line 1935, in dispatch_request
    return self.view_functions[rule.endpoint](**req.view_args)
  File "/opt/app-root/app/views.py", line 23, in index
    offenses = response.json()
  File "/usr/local/lib/python3.6/site-packages/requests/models.py", line 897, in json
    return complexjson.loads(self.text, **kwargs)
  File "/usr/lib64/python3.6/json/__init__.py", line 354, in loads
    return _default_decoder.decode(s)
  File "/usr/lib64/python3.6/json/decoder.py", line 339, in decode
    obj, end = self.raw_decode(s, idx=_w(s, 0).end())
  File "/usr/lib64/python3.6/json/decoder.py", line 357, in raw_decode
    raise JSONDecodeError("Expecting value", s, err.value) from None
json.decoder.JSONDecodeError: Expecting value: line 1 column 1 (char 0)
172.17.0.1 - - [19/Jul/2021 09:23:09] "[37mGET /?__debugger__=yes&cmd=resource&f=style.css HTTP/1.1[0m" 200 -
172.17.0.1 - - [19/Jul/2021 09:23:09] "[37mGET /?__debugger__=yes&cmd=resource&f=jquery.js HTTP/1.1[0m" 200 -
172.17.0.1 - - [19/Jul/2021 09:23:09] "[37mGET /?__debugger__=yes&cmd=resource&f=debugger.js HTTP/1.1[0m" 200 -
172.17.0.1 - - [19/Jul/2021 09:23:09] "[37mGET /?__debugger__=yes&cmd=resource&f=console.png HTTP/1.1[0m" 200 -
172.17.0.1 - - [19/Jul/2021 09:23:09] "[37mGET /?__debugger__=yes&cmd=resource&f=ubuntu.ttf HTTP/1.1[0m" 200 -
172.17.0.1 - - [19/Jul/2021 09:23:09] "[37mGET /?__debugger__=yes&cmd=resource&f=console.png HTTP/1.1[0m" 200 -
2021-07-19 09:23:19 No /opt/app-root/container/clean/cleanup.sh script found, skipping cleanup
2021-07-19 09:23:28 A0000_start_container.sh running with pid 15
2021-07-19 09:23:28 A0000 Configurating default host strategy.
2021-07-19 09:23:28 A0000 Checking if certificates need to be copied from /etc/qradar_pki to /etc/pki
2021-07-19 09:23:28 A0000 /etc/qradar_pki does not exist, skipping
2021-07-19 09:23:28 A0000 Attempting to update hosts file with FQDN if present in environment variables
2021-07-19 09:23:28 A0000 FQDN and console ip found in environment variables, will add to hosts file if required
2021-07-19 09:23:28 A0000 Hosts entry not present for FQDN, adding to /etc/hosts
2021-07-19 09:23:28 A0000 Did not find console PEM cert in environment
2021-07-19 09:23:28 A0000_start_container.sh exited with status 0
2021-07-19 09:23:28 A9800_configure.sh running with pid 31
2021-07-19 09:23:28 A9800 Altering sudo access for appuser to allow only update_ca_bundle.sh
2021-07-19 09:23:29 A9800_configure.sh exited with status 0
2021-07-19 09:23:29 A9900_supervisord.sh running with pid 40
2021-07-19 09:23:29 A9900 Starting supervisord
 * Serving Flask app "app" (lazy loading)
 * Environment: development
 * Debug mode: on
 * Running on http://0.0.0.0:5000/ (Press CTRL+C to quit)
 * Restarting with stat
 * Debugger is active!
 * Debugger PIN: 326-333-367
/usr/local/lib/python3.6/site-packages/urllib3/connectionpool.py:1004: InsecureRequestWarning: Unverified HTTPS request is being made to host 'topaz.secintel.intranet.ibm.com'. Adding certificate verification is strongly advised. See: https://urllib3.readthedocs.io/en/latest/advanced-usage.html#ssl-warnings
  InsecureRequestWarning,
172.17.0.1 - - [19/Jul/2021 09:23:40] "[35m[1mGET / HTTP/1.1[0m" 500 -
Traceback (most recent call last):
  File "/usr/lib64/python3.6/json/decoder.py", line 355, in raw_decode
    obj, end = self.scan_once(s, idx)
StopIteration: 0

During handling of the above exception, another exception occurred:

Traceback (most recent call last):
  File "/usr/local/lib/python3.6/site-packages/flask/app.py", line 2463, in __call__
    return self.wsgi_app(environ, start_response)
  File "/usr/local/lib/python3.6/site-packages/flask/app.py", line 2449, in wsgi_app
    response = self.handle_exception(e)
  File "/usr/local/lib/python3.6/site-packages/flask/app.py", line 1866, in handle_exception
    reraise(exc_type, exc_value, tb)
  File "/usr/local/lib/python3.6/site-packages/flask/_compat.py", line 39, in reraise
    raise value
  File "/usr/local/lib/python3.6/site-packages/flask/app.py", line 2446, in wsgi_app
    response = self.full_dispatch_request()
  File "/usr/local/lib/python3.6/site-packages/flask/app.py", line 1951, in full_dispatch_request
    rv = self.handle_user_exception(e)
  File "/usr/local/lib/python3.6/site-packages/flask/app.py", line 1820, in handle_user_exception
    reraise(exc_type, exc_value, tb)
  File "/usr/local/lib/python3.6/site-packages/flask/_compat.py", line 39, in reraise
    raise value
  File "/usr/local/lib/python3.6/site-packages/flask/app.py", line 1949, in full_dispatch_request
    rv = self.dispatch_request()
  File "/usr/local/lib/python3.6/site-packages/flask/app.py", line 1935, in dispatch_request
    return self.view_functions[rule.endpoint](**req.view_args)
  File "/opt/app-root/app/views.py", line 23, in index
    offenses = response.json()
  File "/usr/local/lib/python3.6/site-packages/requests/models.py", line 897, in json
    return complexjson.loads(self.text, **kwargs)
  File "/usr/lib64/python3.6/json/__init__.py", line 354, in loads
    return _default_decoder.decode(s)
  File "/usr/lib64/python3.6/json/decoder.py", line 339, in decode
    obj, end = self.raw_decode(s, idx=_w(s, 0).end())
  File "/usr/lib64/python3.6/json/decoder.py", line 357, in raw_decode
    raise JSONDecodeError("Expecting value", s, err.value) from None
json.decoder.JSONDecodeError: Expecting value: line 1 column 1 (char 0)
172.17.0.1 - - [19/Jul/2021 09:23:40] "[37mGET /?__debugger__=yes&cmd=resource&f=style.css HTTP/1.1[0m" 200 -
172.17.0.1 - - [19/Jul/2021 09:23:40] "[37mGET /?__debugger__=yes&cmd=resource&f=jquery.js HTTP/1.1[0m" 200 -
172.17.0.1 - - [19/Jul/2021 09:23:40] "[37mGET /?__debugger__=yes&cmd=resource&f=debugger.js HTTP/1.1[0m" 200 -
172.17.0.1 - - [19/Jul/2021 09:23:40] "[37mGET /?__debugger__=yes&cmd=resource&f=console.png HTTP/1.1[0m" 200 -
172.17.0.1 - - [19/Jul/2021 09:23:40] "[37mGET /?__debugger__=yes&cmd=resource&f=ubuntu.ttf HTTP/1.1[0m" 200 -
172.17.0.1 - - [19/Jul/2021 09:23:40] "[37mGET /?__debugger__=yes&cmd=resource&f=console.png HTTP/1.1[0m" 200 -
2021-07-19 09:29:36 No /opt/app-root/container/clean/cleanup.sh script found, skipping cleanup
2021-07-19 09:30:09 A0000_start_container.sh running with pid 14
2021-07-19 09:30:09 A0000 Configurating default host strategy.
2021-07-19 09:30:09 A0000 Checking if certificates need to be copied from /etc/qradar_pki to /etc/pki
2021-07-19 09:30:09 A0000 /etc/qradar_pki does not exist, skipping
2021-07-19 09:30:09 A0000 Attempting to update hosts file with FQDN if present in environment variables
2021-07-19 09:30:09 A0000 FQDN and console ip found in environment variables, will add to hosts file if required
2021-07-19 09:30:09 A0000 Hosts entry not present for FQDN, adding to /etc/hosts
2021-07-19 09:30:09 A0000 Did not find console PEM cert in environment
2021-07-19 09:30:09 A0000_start_container.sh exited with status 0
2021-07-19 09:30:09 A9800_configure.sh running with pid 30
2021-07-19 09:30:09 A9800 Altering sudo access for appuser to allow only update_ca_bundle.sh
2021-07-19 09:30:09 A9800_configure.sh exited with status 0
2021-07-19 09:30:09 A9900_supervisord.sh running with pid 39
2021-07-19 09:30:09 A9900 Starting supervisord
 * Serving Flask app "app" (lazy loading)
 * Environment: development
 * Debug mode: on
 * Running on http://0.0.0.0:5000/ (Press CTRL+C to quit)
 * Restarting with stat
 * Debugger is active!
 * Debugger PIN: 259-225-653
/usr/local/lib/python3.6/site-packages/urllib3/connectionpool.py:1004: InsecureRequestWarning: Unverified HTTPS request is being made to host 'topaz.secintel.intranet.ibm.com'. Adding certificate verification is strongly advised. See: https://urllib3.readthedocs.io/en/latest/advanced-usage.html#ssl-warnings
  InsecureRequestWarning,
172.17.0.1 - - [19/Jul/2021 09:30:19] "[35m[1mGET / HTTP/1.1[0m" 500 -
Traceback (most recent call last):
  File "/usr/lib64/python3.6/json/decoder.py", line 355, in raw_decode
    obj, end = self.scan_once(s, idx)
StopIteration: 0

During handling of the above exception, another exception occurred:

Traceback (most recent call last):
  File "/usr/local/lib/python3.6/site-packages/flask/app.py", line 2463, in __call__
    return self.wsgi_app(environ, start_response)
  File "/usr/local/lib/python3.6/site-packages/flask/app.py", line 2449, in wsgi_app
    response = self.handle_exception(e)
  File "/usr/local/lib/python3.6/site-packages/flask/app.py", line 1866, in handle_exception
    reraise(exc_type, exc_value, tb)
  File "/usr/local/lib/python3.6/site-packages/flask/_compat.py", line 39, in reraise
    raise value
  File "/usr/local/lib/python3.6/site-packages/flask/app.py", line 2446, in wsgi_app
    response = self.full_dispatch_request()
  File "/usr/local/lib/python3.6/site-packages/flask/app.py", line 1951, in full_dispatch_request
    rv = self.handle_user_exception(e)
  File "/usr/local/lib/python3.6/site-packages/flask/app.py", line 1820, in handle_user_exception
    reraise(exc_type, exc_value, tb)
  File "/usr/local/lib/python3.6/site-packages/flask/_compat.py", line 39, in reraise
    raise value
  File "/usr/local/lib/python3.6/site-packages/flask/app.py", line 1949, in full_dispatch_request
    rv = self.dispatch_request()
  File "/usr/local/lib/python3.6/site-packages/flask/app.py", line 1935, in dispatch_request
    return self.view_functions[rule.endpoint](**req.view_args)
  File "/opt/app-root/app/views.py", line 23, in index
    offenses = response.json()
  File "/usr/local/lib/python3.6/site-packages/requests/models.py", line 897, in json
    return complexjson.loads(self.text, **kwargs)
  File "/usr/lib64/python3.6/json/__init__.py", line 354, in loads
    return _default_decoder.decode(s)
  File "/usr/lib64/python3.6/json/decoder.py", line 339, in decode
    obj, end = self.raw_decode(s, idx=_w(s, 0).end())
  File "/usr/lib64/python3.6/json/decoder.py", line 357, in raw_decode
    raise JSONDecodeError("Expecting value", s, err.value) from None
json.decoder.JSONDecodeError: Expecting value: line 1 column 1 (char 0)
172.17.0.1 - - [19/Jul/2021 09:30:19] "[37mGET /?__debugger__=yes&cmd=resource&f=style.css HTTP/1.1[0m" 200 -
172.17.0.1 - - [19/Jul/2021 09:30:19] "[37mGET /?__debugger__=yes&cmd=resource&f=debugger.js HTTP/1.1[0m" 200 -
172.17.0.1 - - [19/Jul/2021 09:30:19] "[37mGET /?__debugger__=yes&cmd=resource&f=jquery.js HTTP/1.1[0m" 200 -
172.17.0.1 - - [19/Jul/2021 09:30:19] "[37mGET /?__debugger__=yes&cmd=resource&f=console.png HTTP/1.1[0m" 200 -
172.17.0.1 - - [19/Jul/2021 09:30:19] "[37mGET /?__debugger__=yes&cmd=resource&f=ubuntu.ttf HTTP/1.1[0m" 200 -
172.17.0.1 - - [19/Jul/2021 09:30:19] "[37mGET /?__debugger__=yes&cmd=resource&f=console.png HTTP/1.1[0m" 200 -
2021-07-19 09:31:00 No /opt/app-root/container/clean/cleanup.sh script found, skipping cleanup
2021-07-19 09:31:18 A0000_start_container.sh running with pid 15
2021-07-19 09:31:18 A0000 Configurating default host strategy.
2021-07-19 09:31:18 A0000 Checking if certificates need to be copied from /etc/qradar_pki to /etc/pki
2021-07-19 09:31:18 A0000 /etc/qradar_pki does not exist, skipping
2021-07-19 09:31:18 A0000 Attempting to update hosts file with FQDN if present in environment variables
2021-07-19 09:31:18 A0000 FQDN and console ip found in environment variables, will add to hosts file if required
2021-07-19 09:31:18 A0000 Hosts entry not present for FQDN, adding to /etc/hosts
2021-07-19 09:31:18 A0000 Did not find console PEM cert in environment
2021-07-19 09:31:18 A0000_start_container.sh exited with status 0
2021-07-19 09:31:18 A9800_configure.sh running with pid 31
2021-07-19 09:31:18 A9800 Altering sudo access for appuser to allow only update_ca_bundle.sh
2021-07-19 09:31:18 A9800_configure.sh exited with status 0
2021-07-19 09:31:18 A9900_supervisord.sh running with pid 40
2021-07-19 09:31:18 A9900 Starting supervisord
 * Serving Flask app "app" (lazy loading)
 * Environment: development
 * Debug mode: on
 * Running on http://0.0.0.0:5000/ (Press CTRL+C to quit)
 * Restarting with stat
 * Debugger is active!
 * Debugger PIN: 300-949-255
/usr/local/lib/python3.6/site-packages/urllib3/connectionpool.py:1004: InsecureRequestWarning: Unverified HTTPS request is being made to host 'topaz.secintel.intranet.ibm.com'. Adding certificate verification is strongly advised. See: https://urllib3.readthedocs.io/en/latest/advanced-usage.html#ssl-warnings
  InsecureRequestWarning,
172.17.0.1 - - [19/Jul/2021 09:31:26] "[35m[1mGET / HTTP/1.1[0m" 500 -
Traceback (most recent call last):
  File "/usr/lib64/python3.6/json/decoder.py", line 355, in raw_decode
    obj, end = self.scan_once(s, idx)
StopIteration: 0

During handling of the above exception, another exception occurred:

Traceback (most recent call last):
  File "/usr/local/lib/python3.6/site-packages/flask/app.py", line 2463, in __call__
    return self.wsgi_app(environ, start_response)
  File "/usr/local/lib/python3.6/site-packages/flask/app.py", line 2449, in wsgi_app
    response = self.handle_exception(e)
  File "/usr/local/lib/python3.6/site-packages/flask/app.py", line 1866, in handle_exception
    reraise(exc_type, exc_value, tb)
  File "/usr/local/lib/python3.6/site-packages/flask/_compat.py", line 39, in reraise
    raise value
  File "/usr/local/lib/python3.6/site-packages/flask/app.py", line 2446, in wsgi_app
    response = self.full_dispatch_request()
  File "/usr/local/lib/python3.6/site-packages/flask/app.py", line 1951, in full_dispatch_request
    rv = self.handle_user_exception(e)
  File "/usr/local/lib/python3.6/site-packages/flask/app.py", line 1820, in handle_user_exception
    reraise(exc_type, exc_value, tb)
  File "/usr/local/lib/python3.6/site-packages/flask/_compat.py", line 39, in reraise
    raise value
  File "/usr/local/lib/python3.6/site-packages/flask/app.py", line 1949, in full_dispatch_request
    rv = self.dispatch_request()
  File "/usr/local/lib/python3.6/site-packages/flask/app.py", line 1935, in dispatch_request
    return self.view_functions[rule.endpoint](**req.view_args)
  File "/opt/app-root/app/views.py", line 23, in index
    offenses = response.json()
  File "/usr/local/lib/python3.6/site-packages/requests/models.py", line 897, in json
    return complexjson.loads(self.text, **kwargs)
  File "/usr/lib64/python3.6/json/__init__.py", line 354, in loads
    return _default_decoder.decode(s)
  File "/usr/lib64/python3.6/json/decoder.py", line 339, in decode
    obj, end = self.raw_decode(s, idx=_w(s, 0).end())
  File "/usr/lib64/python3.6/json/decoder.py", line 357, in raw_decode
    raise JSONDecodeError("Expecting value", s, err.value) from None
json.decoder.JSONDecodeError: Expecting value: line 1 column 1 (char 0)
172.17.0.1 - - [19/Jul/2021 09:31:26] "[37mGET /?__debugger__=yes&cmd=resource&f=style.css HTTP/1.1[0m" 200 -
172.17.0.1 - - [19/Jul/2021 09:31:26] "[37mGET /?__debugger__=yes&cmd=resource&f=debugger.js HTTP/1.1[0m" 200 -
172.17.0.1 - - [19/Jul/2021 09:31:26] "[37mGET /?__debugger__=yes&cmd=resource&f=jquery.js HTTP/1.1[0m" 200 -
172.17.0.1 - - [19/Jul/2021 09:31:27] "[37mGET /?__debugger__=yes&cmd=resource&f=console.png HTTP/1.1[0m" 200 -
172.17.0.1 - - [19/Jul/2021 09:31:27] "[37mGET /?__debugger__=yes&cmd=resource&f=ubuntu.ttf HTTP/1.1[0m" 200 -
172.17.0.1 - - [19/Jul/2021 09:31:27] "[37mGET /?__debugger__=yes&cmd=resource&f=console.png HTTP/1.1[0m" 200 -
/usr/local/lib/python3.6/site-packages/urllib3/connectionpool.py:1004: InsecureRequestWarning: Unverified HTTPS request is being made to host 'topaz.secintel.intranet.ibm.com'. Adding certificate verification is strongly advised. See: https://urllib3.readthedocs.io/en/latest/advanced-usage.html#ssl-warnings
  InsecureRequestWarning,
172.17.0.1 - - [19/Jul/2021 09:31:30] "[35m[1mGET / HTTP/1.1[0m" 500 -
Traceback (most recent call last):
  File "/usr/lib64/python3.6/json/decoder.py", line 355, in raw_decode
    obj, end = self.scan_once(s, idx)
StopIteration: 0

During handling of the above exception, another exception occurred:

Traceback (most recent call last):
  File "/usr/local/lib/python3.6/site-packages/flask/app.py", line 2463, in __call__
    return self.wsgi_app(environ, start_response)
  File "/usr/local/lib/python3.6/site-packages/flask/app.py", line 2449, in wsgi_app
    response = self.handle_exception(e)
  File "/usr/local/lib/python3.6/site-packages/flask/app.py", line 1866, in handle_exception
    reraise(exc_type, exc_value, tb)
  File "/usr/local/lib/python3.6/site-packages/flask/_compat.py", line 39, in reraise
    raise value
  File "/usr/local/lib/python3.6/site-packages/flask/app.py", line 2446, in wsgi_app
    response = self.full_dispatch_request()
  File "/usr/local/lib/python3.6/site-packages/flask/app.py", line 1951, in full_dispatch_request
    rv = self.handle_user_exception(e)
  File "/usr/local/lib/python3.6/site-packages/flask/app.py", line 1820, in handle_user_exception
    reraise(exc_type, exc_value, tb)
  File "/usr/local/lib/python3.6/site-packages/flask/_compat.py", line 39, in reraise
    raise value
  File "/usr/local/lib/python3.6/site-packages/flask/app.py", line 1949, in full_dispatch_request
    rv = self.dispatch_request()
  File "/usr/local/lib/python3.6/site-packages/flask/app.py", line 1935, in dispatch_request
    return self.view_functions[rule.endpoint](**req.view_args)
  File "/opt/app-root/app/views.py", line 23, in index
    offenses = response.json()
  File "/usr/local/lib/python3.6/site-packages/requests/models.py", line 897, in json
    return complexjson.loads(self.text, **kwargs)
  File "/usr/lib64/python3.6/json/__init__.py", line 354, in loads
    return _default_decoder.decode(s)
  File "/usr/lib64/python3.6/json/decoder.py", line 339, in decode
    obj, end = self.raw_decode(s, idx=_w(s, 0).end())
  File "/usr/lib64/python3.6/json/decoder.py", line 357, in raw_decode
    raise JSONDecodeError("Expecting value", s, err.value) from None
json.decoder.JSONDecodeError: Expecting value: line 1 column 1 (char 0)
172.17.0.1 - - [19/Jul/2021 09:31:30] "[37mGET /?__debugger__=yes&cmd=resource&f=style.css HTTP/1.1[0m" 200 -
172.17.0.1 - - [19/Jul/2021 09:31:30] "[37mGET /?__debugger__=yes&cmd=resource&f=debugger.js HTTP/1.1[0m" 200 -
172.17.0.1 - - [19/Jul/2021 09:31:30] "[37mGET /?__debugger__=yes&cmd=resource&f=jquery.js HTTP/1.1[0m" 200 -
172.17.0.1 - - [19/Jul/2021 09:31:30] "[37mGET /?__debugger__=yes&cmd=resource&f=console.png HTTP/1.1[0m" 200 -
172.17.0.1 - - [19/Jul/2021 09:31:30] "[37mGET /?__debugger__=yes&cmd=resource&f=ubuntu.ttf HTTP/1.1[0m" 200 -
172.17.0.1 - - [19/Jul/2021 09:31:30] "[37mGET /?__debugger__=yes&cmd=resource&f=console.png HTTP/1.1[0m" 200 -
2021-07-19 10:09:05 No /opt/app-root/container/clean/cleanup.sh script found, skipping cleanup
2021-07-19 10:10:07 A0000_start_container.sh running with pid 15
2021-07-19 10:10:07 A0000 Configurating default host strategy.
2021-07-19 10:10:07 A0000 Checking if certificates need to be copied from /etc/qradar_pki to /etc/pki
2021-07-19 10:10:07 A0000 /etc/qradar_pki does not exist, skipping
2021-07-19 10:10:07 A0000 Attempting to update hosts file with FQDN if present in environment variables
2021-07-19 10:10:07 A0000 FQDN and console ip found in environment variables, will add to hosts file if required
2021-07-19 10:10:07 A0000 Hosts entry not present for FQDN, adding to /etc/hosts
2021-07-19 10:10:07 A0000 Did not find console PEM cert in environment
2021-07-19 10:10:07 A0000_start_container.sh exited with status 0
2021-07-19 10:10:07 A9800_configure.sh running with pid 31
2021-07-19 10:10:07 A9800 Altering sudo access for appuser to allow only update_ca_bundle.sh
2021-07-19 10:10:07 A9800_configure.sh exited with status 0
2021-07-19 10:10:07 A9900_supervisord.sh running with pid 40
2021-07-19 10:10:07 A9900 Starting supervisord
 * Serving Flask app "app" (lazy loading)
 * Environment: development
 * Debug mode: on
 * Running on http://0.0.0.0:5000/ (Press CTRL+C to quit)
 * Restarting with stat
 * Debugger is active!
 * Debugger PIN: 204-192-785
/usr/local/lib/python3.6/site-packages/urllib3/connectionpool.py:1004: InsecureRequestWarning: Unverified HTTPS request is being made to host 'topaz.secintel.intranet.ibm.com'. Adding certificate verification is strongly advised. See: https://urllib3.readthedocs.io/en/latest/advanced-usage.html#ssl-warnings
  InsecureRequestWarning,
172.17.0.1 - - [19/Jul/2021 10:10:23] "[37mGET / HTTP/1.1[0m" 200 -
172.17.0.1 - - [19/Jul/2021 10:10:24] "[37mGET /static/react/static/css/main.8c8b27cf.chunk.css HTTP/1.1[0m" 200 -
172.17.0.1 - - [19/Jul/2021 10:10:24] "[37mGET /static/react/static/js/2.4ca33314.chunk.js HTTP/1.1[0m" 200 -
172.17.0.1 - - [19/Jul/2021 10:10:24] "[37mGET /static/react/static/js/main.b3e311dc.chunk.js HTTP/1.1[0m" 200 -
172.17.0.1 - - [19/Jul/2021 10:10:24] "[37mGET /static/react/static/media/logo.6ce24c58.svg HTTP/1.1[0m" 200 -
172.17.0.1 - - [19/Jul/2021 10:10:24] "[37mGET /static/react/manifest.json HTTP/1.1[0m" 200 -
172.17.0.1 - - [19/Jul/2021 10:10:24] "[37mGET /static/react/favicon.ico HTTP/1.1[0m" 200 -
172.17.0.1 - - [19/Jul/2021 10:10:24] "[37mGET /static/react/logo192.png HTTP/1.1[0m" 200 -
2021-07-19 10:23:34 No /opt/app-root/container/clean/cleanup.sh script found, skipping cleanup
2021-07-19 10:23:47 A0000_start_container.sh running with pid 16
2021-07-19 10:23:47 A0000 Configurating default host strategy.
2021-07-19 10:23:47 A0000 Checking if certificates need to be copied from /etc/qradar_pki to /etc/pki
2021-07-19 10:23:47 A0000 /etc/qradar_pki does not exist, skipping
2021-07-19 10:23:47 A0000 Attempting to update hosts file with FQDN if present in environment variables
2021-07-19 10:23:47 A0000 FQDN and console ip found in environment variables, will add to hosts file if required
2021-07-19 10:23:47 A0000 Hosts entry not present for FQDN, adding to /etc/hosts
2021-07-19 10:23:47 A0000 Did not find console PEM cert in environment
2021-07-19 10:23:47 A0000_start_container.sh exited with status 0
2021-07-19 10:23:47 A9800_configure.sh running with pid 32
2021-07-19 10:23:47 A9800 Altering sudo access for appuser to allow only update_ca_bundle.sh
2021-07-19 10:23:47 A9800_configure.sh exited with status 0
2021-07-19 10:23:47 A9900_supervisord.sh running with pid 41
2021-07-19 10:23:47 A9900 Starting supervisord
 * Serving Flask app "app" (lazy loading)
 * Environment: development
 * Debug mode: on
 * Running on http://0.0.0.0:5000/ (Press CTRL+C to quit)
 * Restarting with stat
 * Debugger is active!
 * Debugger PIN: 240-958-303
/usr/local/lib/python3.6/site-packages/urllib3/connectionpool.py:1004: InsecureRequestWarning: Unverified HTTPS request is being made to host 'topaz.secintel.intranet.ibm.com'. Adding certificate verification is strongly advised. See: https://urllib3.readthedocs.io/en/latest/advanced-usage.html#ssl-warnings
  InsecureRequestWarning,
172.17.0.1 - - [19/Jul/2021 10:24:01] "[37mGET / HTTP/1.1[0m" 200 -
172.17.0.1 - - [19/Jul/2021 10:24:01] "[37mGET /static/react/static/css/main.8c8b27cf.chunk.css HTTP/1.1[0m" 200 -
172.17.0.1 - - [19/Jul/2021 10:24:01] "[37mGET /static/react/static/js/2.4ca33314.chunk.js HTTP/1.1[0m" 200 -
172.17.0.1 - - [19/Jul/2021 10:24:01] "[37mGET /static/react/static/js/main.b02ac10d.chunk.js HTTP/1.1[0m" 200 -
172.17.0.1 - - [19/Jul/2021 10:24:01] "[37mGET /static/react/manifest.json HTTP/1.1[0m" 200 -
172.17.0.1 - - [19/Jul/2021 10:24:01] "[37mGET /static/react/favicon.ico HTTP/1.1[0m" 200 -
172.17.0.1 - - [19/Jul/2021 10:24:01] "[37mGET /static/react/logo192.png HTTP/1.1[0m" 200 -
/usr/local/lib/python3.6/site-packages/urllib3/connectionpool.py:1004: InsecureRequestWarning: Unverified HTTPS request is being made to host 'topaz.secintel.intranet.ibm.com'. Adding certificate verification is strongly advised. See: https://urllib3.readthedocs.io/en/latest/advanced-usage.html#ssl-warnings
  InsecureRequestWarning,
172.17.0.1 - - [19/Jul/2021 10:24:12] "[37mGET / HTTP/1.1[0m" 200 -
172.17.0.1 - - [19/Jul/2021 10:24:13] "[37mGET /static/react/favicon.ico HTTP/1.1[0m" 200 -
172.17.0.1 - - [19/Jul/2021 10:24:14] "[37mGET /static/react/static/js/main.b02ac10d.chunk.js.map HTTP/1.1[0m" 200 -
172.17.0.1 - - [19/Jul/2021 10:24:14] "[37mGET /static/react/static/js/2.4ca33314.chunk.js.map HTTP/1.1[0m" 200 -
172.17.0.1 - - [19/Jul/2021 10:24:14] "[37mGET /static/react/static/css/main.8c8b27cf.chunk.css.map HTTP/1.1[0m" 200 -
2021-07-19 10:26:06 No /opt/app-root/container/clean/cleanup.sh script found, skipping cleanup
2021-07-19 10:26:25 A0000_start_container.sh running with pid 14
2021-07-19 10:26:25 A0000 Configurating default host strategy.
2021-07-19 10:26:26 A0000 Checking if certificates need to be copied from /etc/qradar_pki to /etc/pki
2021-07-19 10:26:26 A0000 /etc/qradar_pki does not exist, skipping
2021-07-19 10:26:26 A0000 Attempting to update hosts file with FQDN if present in environment variables
2021-07-19 10:26:26 A0000 FQDN and console ip found in environment variables, will add to hosts file if required
2021-07-19 10:26:26 A0000 Hosts entry not present for FQDN, adding to /etc/hosts
2021-07-19 10:26:26 A0000 Did not find console PEM cert in environment
2021-07-19 10:26:26 A0000_start_container.sh exited with status 0
2021-07-19 10:26:26 A9800_configure.sh running with pid 30
2021-07-19 10:26:26 A9800 Altering sudo access for appuser to allow only update_ca_bundle.sh
2021-07-19 10:26:26 A9800_configure.sh exited with status 0
2021-07-19 10:26:26 A9900_supervisord.sh running with pid 39
2021-07-19 10:26:26 A9900 Starting supervisord
 * Serving Flask app "app" (lazy loading)
 * Environment: development
 * Debug mode: on
 * Running on http://0.0.0.0:5000/ (Press CTRL+C to quit)
 * Restarting with stat
 * Debugger is active!
 * Debugger PIN: 297-048-885
/usr/local/lib/python3.6/site-packages/urllib3/connectionpool.py:1004: InsecureRequestWarning: Unverified HTTPS request is being made to host 'topaz.secintel.intranet.ibm.com'. Adding certificate verification is strongly advised. See: https://urllib3.readthedocs.io/en/latest/advanced-usage.html#ssl-warnings
  InsecureRequestWarning,
172.17.0.1 - - [19/Jul/2021 10:26:40] "[37mGET / HTTP/1.1[0m" 200 -
172.17.0.1 - - [19/Jul/2021 10:26:40] "[37mGET /static/react/static/js/2.4ca33314.chunk.js HTTP/1.1[0m" 200 -
172.17.0.1 - - [19/Jul/2021 10:26:40] "[37mGET /static/react/static/css/main.8c8b27cf.chunk.css HTTP/1.1[0m" 200 -
172.17.0.1 - - [19/Jul/2021 10:26:40] "[37mGET /static/react/static/js/main.ee8a657b.chunk.js HTTP/1.1[0m" 200 -
172.17.0.1 - - [19/Jul/2021 10:26:40] "[37mGET /static/react/static/css/main.8c8b27cf.chunk.css.map HTTP/1.1[0m" 200 -
172.17.0.1 - - [19/Jul/2021 10:26:40] "[37mGET /static/react/static/js/2.4ca33314.chunk.js.map HTTP/1.1[0m" 200 -
172.17.0.1 - - [19/Jul/2021 10:26:40] "[37mGET /static/react/static/js/main.ee8a657b.chunk.js.map HTTP/1.1[0m" 200 -
172.17.0.1 - - [19/Jul/2021 10:26:40] "[37mGET /static/react/static/media/logo.6ce24c58.svg HTTP/1.1[0m" 200 -
172.17.0.1 - - [19/Jul/2021 10:26:40] "[37mGET /static/react/favicon.ico HTTP/1.1[0m" 200 -
172.17.0.1 - - [19/Jul/2021 10:26:40] "[37mGET /static/react/manifest.json HTTP/1.1[0m" 200 -
172.17.0.1 - - [19/Jul/2021 10:26:40] "[37mGET /static/react/logo192.png HTTP/1.1[0m" 200 -
/usr/local/lib/python3.6/site-packages/urllib3/connectionpool.py:1004: InsecureRequestWarning: Unverified HTTPS request is being made to host 'topaz.secintel.intranet.ibm.com'. Adding certificate verification is strongly advised. See: https://urllib3.readthedocs.io/en/latest/advanced-usage.html#ssl-warnings
  InsecureRequestWarning,
172.17.0.1 - - [19/Jul/2021 10:26:50] "[37mGET / HTTP/1.1[0m" 200 -
172.17.0.1 - - [19/Jul/2021 10:26:50] "[37mGET /static/react/static/js/2.4ca33314.chunk.js.map HTTP/1.1[0m" 200 -
172.17.0.1 - - [19/Jul/2021 10:26:50] "[37mGET /static/react/static/js/main.ee8a657b.chunk.js.map HTTP/1.1[0m" 200 -
172.17.0.1 - - [19/Jul/2021 10:26:50] "[37mGET /static/react/static/css/main.8c8b27cf.chunk.css.map HTTP/1.1[0m" 200 -
172.17.0.1 - - [19/Jul/2021 10:26:50] "[37mGET /static/react/favicon.ico HTTP/1.1[0m" 200 -
2021-07-19 10:58:02 No /opt/app-root/container/clean/cleanup.sh script found, skipping cleanup
2021-07-19 12:19:38 A0000_start_container.sh running with pid 15
2021-07-19 12:19:38 A0000 Configurating default host strategy.
2021-07-19 12:19:38 A0000 Checking if certificates need to be copied from /etc/qradar_pki to /etc/pki
2021-07-19 12:19:38 A0000 /etc/qradar_pki does not exist, skipping
2021-07-19 12:19:38 A0000 Attempting to update hosts file with FQDN if present in environment variables
2021-07-19 12:19:38 A0000 FQDN and console ip found in environment variables, will add to hosts file if required
2021-07-19 12:19:39 A0000 Hosts entry not present for FQDN, adding to /etc/hosts
2021-07-19 12:19:39 A0000 Did not find console PEM cert in environment
2021-07-19 12:19:39 A0000_start_container.sh exited with status 0
2021-07-19 12:19:39 A9800_configure.sh running with pid 31
2021-07-19 12:19:39 A9800 Altering sudo access for appuser to allow only update_ca_bundle.sh
2021-07-19 12:19:39 A9800_configure.sh exited with status 0
2021-07-19 12:19:39 A9900_supervisord.sh running with pid 40
2021-07-19 12:19:39 A9900 Starting supervisord
 * Serving Flask app "app" (lazy loading)
 * Environment: development
 * Debug mode: on
 * Running on http://0.0.0.0:5000/ (Press CTRL+C to quit)
 * Restarting with stat
 * Debugger is active!
 * Debugger PIN: 336-828-211
/usr/local/lib/python3.6/site-packages/urllib3/connectionpool.py:1004: InsecureRequestWarning: Unverified HTTPS request is being made to host 'topaz.secintel.intranet.ibm.com'. Adding certificate verification is strongly advised. See: https://urllib3.readthedocs.io/en/latest/advanced-usage.html#ssl-warnings
  InsecureRequestWarning,
172.17.0.1 - - [19/Jul/2021 12:22:30] "[37mGET / HTTP/1.1[0m" 200 -
172.17.0.1 - - [19/Jul/2021 12:22:30] "[37mGET /static/react/static/js/main.ee8a657b.chunk.js HTTP/1.1[0m" 200 -
172.17.0.1 - - [19/Jul/2021 12:22:30] "[37mGET /static/react/static/css/main.8c8b27cf.chunk.css HTTP/1.1[0m" 200 -
172.17.0.1 - - [19/Jul/2021 12:22:30] "[37mGET /static/react/static/js/2.4ca33314.chunk.js HTTP/1.1[0m" 200 -
172.17.0.1 - - [19/Jul/2021 12:22:30] "[37mGET /static/react/static/media/logo.6ce24c58.svg HTTP/1.1[0m" 200 -
172.17.0.1 - - [19/Jul/2021 12:22:30] "[37mGET /static/react/manifest.json HTTP/1.1[0m" 200 -
172.17.0.1 - - [19/Jul/2021 12:22:30] "[37mGET /static/react/favicon.ico HTTP/1.1[0m" 200 -
172.17.0.1 - - [19/Jul/2021 12:22:30] "[37mGET /static/react/logo192.png HTTP/1.1[0m" 200 -
2021-07-19 12:40:10 No /opt/app-root/container/clean/cleanup.sh script found, skipping cleanup
2021-07-19 13:25:13 A0000_start_container.sh running with pid 15
2021-07-19 13:25:13 A0000 Configurating default host strategy.
2021-07-19 13:25:13 A0000 Checking if certificates need to be copied from /etc/qradar_pki to /etc/pki
2021-07-19 13:25:13 A0000 /etc/qradar_pki does not exist, skipping
2021-07-19 13:25:13 A0000 Attempting to update hosts file with FQDN if present in environment variables
2021-07-19 13:25:13 A0000 FQDN and console ip found in environment variables, will add to hosts file if required
2021-07-19 13:25:13 A0000 Hosts entry not present for FQDN, adding to /etc/hosts
2021-07-19 13:25:13 A0000 Did not find console PEM cert in environment
2021-07-19 13:25:13 A0000_start_container.sh exited with status 0
2021-07-19 13:25:13 A9800_configure.sh running with pid 31
2021-07-19 13:25:13 A9800 Altering sudo access for appuser to allow only update_ca_bundle.sh
2021-07-19 13:25:13 A9800_configure.sh exited with status 0
2021-07-19 13:25:13 A9900_supervisord.sh running with pid 40
2021-07-19 13:25:13 A9900 Starting supervisord
 * Serving Flask app "app" (lazy loading)
 * Environment: development
 * Debug mode: on
 * Running on http://0.0.0.0:5000/ (Press CTRL+C to quit)
 * Restarting with stat
 * Debugger is active!
 * Debugger PIN: 176-503-130
/usr/local/lib/python3.6/site-packages/urllib3/connectionpool.py:1004: InsecureRequestWarning: Unverified HTTPS request is being made to host 'topaz.secintel.intranet.ibm.com'. Adding certificate verification is strongly advised. See: https://urllib3.readthedocs.io/en/latest/advanced-usage.html#ssl-warnings
  InsecureRequestWarning,
172.17.0.1 - - [19/Jul/2021 13:25:37] "[37mGET / HTTP/1.1[0m" 200 -
172.17.0.1 - - [19/Jul/2021 13:25:38] "[37mGET /static/react/static/js/main.ee8a657b.chunk.js HTTP/1.1[0m" 200 -
172.17.0.1 - - [19/Jul/2021 13:25:38] "[37mGET /static/react/static/css/main.8c8b27cf.chunk.css HTTP/1.1[0m" 200 -
172.17.0.1 - - [19/Jul/2021 13:25:38] "[37mGET /static/react/static/js/2.4ca33314.chunk.js HTTP/1.1[0m" 200 -
172.17.0.1 - - [19/Jul/2021 13:25:38] "[37mGET /static/react/static/media/logo.6ce24c58.svg HTTP/1.1[0m" 200 -
172.17.0.1 - - [19/Jul/2021 13:25:39] "[37mGET /static/react/favicon.ico HTTP/1.1[0m" 200 -
172.17.0.1 - - [19/Jul/2021 13:25:39] "[37mGET /static/react/manifest.json HTTP/1.1[0m" 200 -
172.17.0.1 - - [19/Jul/2021 13:25:39] "[37mGET /static/react/logo192.png HTTP/1.1[0m" 200 -
2021-07-19 13:28:30 No /opt/app-root/container/clean/cleanup.sh script found, skipping cleanup
2021-07-19 13:28:55 A0000_start_container.sh running with pid 15
2021-07-19 13:28:55 A0000 Configurating default host strategy.
2021-07-19 13:28:55 A0000 Checking if certificates need to be copied from /etc/qradar_pki to /etc/pki
2021-07-19 13:28:55 A0000 /etc/qradar_pki does not exist, skipping
2021-07-19 13:28:55 A0000 Attempting to update hosts file with FQDN if present in environment variables
2021-07-19 13:28:55 A0000 FQDN and console ip found in environment variables, will add to hosts file if required
2021-07-19 13:28:55 A0000 Hosts entry not present for FQDN, adding to /etc/hosts
2021-07-19 13:28:55 A0000 Did not find console PEM cert in environment
2021-07-19 13:28:55 A0000_start_container.sh exited with status 0
2021-07-19 13:28:55 A9800_configure.sh running with pid 31
2021-07-19 13:28:55 A9800 Altering sudo access for appuser to allow only update_ca_bundle.sh
2021-07-19 13:28:55 A9800_configure.sh exited with status 0
2021-07-19 13:28:55 A9900_supervisord.sh running with pid 40
2021-07-19 13:28:55 A9900 Starting supervisord
 * Serving Flask app "app" (lazy loading)
 * Environment: development
 * Debug mode: on
 * Running on http://0.0.0.0:5000/ (Press CTRL+C to quit)
 * Restarting with stat
 * Debugger is active!
 * Debugger PIN: 248-131-179
/usr/local/lib/python3.6/site-packages/urllib3/connectionpool.py:1004: InsecureRequestWarning: Unverified HTTPS request is being made to host 'topaz.secintel.intranet.ibm.com'. Adding certificate verification is strongly advised. See: https://urllib3.readthedocs.io/en/latest/advanced-usage.html#ssl-warnings
  InsecureRequestWarning,
172.17.0.1 - - [19/Jul/2021 13:29:11] "[37mGET / HTTP/1.1[0m" 200 -
172.17.0.1 - - [19/Jul/2021 13:29:11] "[37mGET /static/react/static/css/main.8c8b27cf.chunk.css HTTP/1.1[0m" 200 -
172.17.0.1 - - [19/Jul/2021 13:29:11] "[37mGET /static/react/static/js/2.4ca33314.chunk.js HTTP/1.1[0m" 200 -
172.17.0.1 - - [19/Jul/2021 13:29:11] "[37mGET /static/react/static/js/main.ace9e53c.chunk.js HTTP/1.1[0m" 200 -
172.17.0.1 - - [19/Jul/2021 13:29:11] "[37mGET /static/react/static/media/logo.6ce24c58.svg HTTP/1.1[0m" 200 -
172.17.0.1 - - [19/Jul/2021 13:29:11] "[37mGET /static/react/manifest.json HTTP/1.1[0m" 200 -
172.17.0.1 - - [19/Jul/2021 13:29:11] "[37mGET /static/react/favicon.ico HTTP/1.1[0m" 200 -
172.17.0.1 - - [19/Jul/2021 13:29:11] "[37mGET /static/react/logo192.png HTTP/1.1[0m" 200 -
2021-07-19 13:33:48 No /opt/app-root/container/clean/cleanup.sh script found, skipping cleanup
2021-07-19 13:34:18 A0000_start_container.sh running with pid 15
2021-07-19 13:34:18 A0000 Configurating default host strategy.
2021-07-19 13:34:18 A0000 Checking if certificates need to be copied from /etc/qradar_pki to /etc/pki
2021-07-19 13:34:18 A0000 /etc/qradar_pki does not exist, skipping
2021-07-19 13:34:18 A0000 Attempting to update hosts file with FQDN if present in environment variables
2021-07-19 13:34:18 A0000 FQDN and console ip found in environment variables, will add to hosts file if required
2021-07-19 13:34:18 A0000 Hosts entry not present for FQDN, adding to /etc/hosts
2021-07-19 13:34:18 A0000 Did not find console PEM cert in environment
2021-07-19 13:34:18 A0000_start_container.sh exited with status 0
2021-07-19 13:34:18 A9800_configure.sh running with pid 31
2021-07-19 13:34:18 A9800 Altering sudo access for appuser to allow only update_ca_bundle.sh
2021-07-19 13:34:18 A9800_configure.sh exited with status 0
2021-07-19 13:34:18 A9900_supervisord.sh running with pid 40
2021-07-19 13:34:18 A9900 Starting supervisord
 * Serving Flask app "app" (lazy loading)
 * Environment: development
 * Debug mode: on
 * Running on http://0.0.0.0:5000/ (Press CTRL+C to quit)
 * Restarting with stat
 * Debugger is active!
 * Debugger PIN: 146-799-719
/usr/local/lib/python3.6/site-packages/urllib3/connectionpool.py:1004: InsecureRequestWarning: Unverified HTTPS request is being made to host 'topaz.secintel.intranet.ibm.com'. Adding certificate verification is strongly advised. See: https://urllib3.readthedocs.io/en/latest/advanced-usage.html#ssl-warnings
  InsecureRequestWarning,
172.17.0.1 - - [19/Jul/2021 13:39:19] "[37mGET / HTTP/1.1[0m" 200 -
172.17.0.1 - - [19/Jul/2021 13:39:19] "[37mGET /static/react/static/css/main.8c8b27cf.chunk.css HTTP/1.1[0m" 200 -
172.17.0.1 - - [19/Jul/2021 13:39:19] "[37mGET /static/react/static/js/2.4ca33314.chunk.js HTTP/1.1[0m" 200 -
172.17.0.1 - - [19/Jul/2021 13:39:19] "[37mGET /static/react/static/js/main.ee8a657b.chunk.js HTTP/1.1[0m" 200 -
172.17.0.1 - - [19/Jul/2021 13:39:19] "[37mGET /static/react/static/media/logo.6ce24c58.svg HTTP/1.1[0m" 200 -
172.17.0.1 - - [19/Jul/2021 13:39:20] "[37mGET /static/react/favicon.ico HTTP/1.1[0m" 200 -
172.17.0.1 - - [19/Jul/2021 13:39:20] "[37mGET /static/react/manifest.json HTTP/1.1[0m" 200 -
172.17.0.1 - - [19/Jul/2021 13:39:20] "[37mGET /static/react/logo192.png HTTP/1.1[0m" 200 -
2021-07-19 13:39:37 No /opt/app-root/container/clean/cleanup.sh script found, skipping cleanup
2021-07-19 14:03:34 A0000_start_container.sh running with pid 15
2021-07-19 14:03:34 A0000 Configurating default host strategy.
2021-07-19 14:03:34 A0000 Checking if certificates need to be copied from /etc/qradar_pki to /etc/pki
2021-07-19 14:03:34 A0000 /etc/qradar_pki does not exist, skipping
2021-07-19 14:03:34 A0000 Attempting to update hosts file with FQDN if present in environment variables
2021-07-19 14:03:34 A0000 FQDN and console ip found in environment variables, will add to hosts file if required
2021-07-19 14:03:34 A0000 Hosts entry not present for FQDN, adding to /etc/hosts
2021-07-19 14:03:34 A0000 Did not find console PEM cert in environment
2021-07-19 14:03:34 A0000_start_container.sh exited with status 0
2021-07-19 14:03:34 A9800_configure.sh running with pid 31
2021-07-19 14:03:34 A9800 Altering sudo access for appuser to allow only update_ca_bundle.sh
2021-07-19 14:03:34 A9800_configure.sh exited with status 0
2021-07-19 14:03:34 A9900_supervisord.sh running with pid 40
2021-07-19 14:03:34 A9900 Starting supervisord
 * Serving Flask app "app" (lazy loading)
 * Environment: development
 * Debug mode: on
 * Running on http://0.0.0.0:5000/ (Press CTRL+C to quit)
 * Restarting with stat
 * Debugger is active!
 * Debugger PIN: 294-837-464
/usr/local/lib/python3.6/site-packages/urllib3/connectionpool.py:1004: InsecureRequestWarning: Unverified HTTPS request is being made to host 'topaz.secintel.intranet.ibm.com'. Adding certificate verification is strongly advised. See: https://urllib3.readthedocs.io/en/latest/advanced-usage.html#ssl-warnings
  InsecureRequestWarning,
172.17.0.1 - - [19/Jul/2021 14:03:47] "[37mGET / HTTP/1.1[0m" 200 -
172.17.0.1 - - [19/Jul/2021 14:03:47] "[37mGET /static/react/static/css/main.8c8b27cf.chunk.css HTTP/1.1[0m" 200 -
172.17.0.1 - - [19/Jul/2021 14:03:47] "[37mGET /static/react/static/js/2.4ca33314.chunk.js HTTP/1.1[0m" 200 -
172.17.0.1 - - [19/Jul/2021 14:03:47] "[37mGET /static/react/static/js/main.ee8a657b.chunk.js HTTP/1.1[0m" 200 -
172.17.0.1 - - [19/Jul/2021 14:03:47] "[37mGET /static/react/static/media/logo.6ce24c58.svg HTTP/1.1[0m" 200 -
172.17.0.1 - - [19/Jul/2021 14:03:48] "[37mGET /static/react/manifest.json HTTP/1.1[0m" 200 -
172.17.0.1 - - [19/Jul/2021 14:03:48] "[37mGET /static/react/favicon.ico HTTP/1.1[0m" 200 -
172.17.0.1 - - [19/Jul/2021 14:03:48] "[37mGET /static/react/logo192.png HTTP/1.1[0m" 200 -
172.17.0.1 - - [19/Jul/2021 14:14:16] "[37mGET /static/react/static/js/main.ee8a657b.chunk.js.map HTTP/1.1[0m" 200 -
172.17.0.1 - - [19/Jul/2021 14:14:16] "[37mGET /static/react/static/js/2.4ca33314.chunk.js.map HTTP/1.1[0m" 200 -
172.17.0.1 - - [19/Jul/2021 14:14:16] "[37mGET /static/react/static/css/main.8c8b27cf.chunk.css.map HTTP/1.1[0m" 200 -
 * Detected change in '/opt/app-root/app/views.py', reloading
 * Restarting with stat
 * Debugger is active!
 * Debugger PIN: 294-837-464
2021-07-19 14:15:09 No /opt/app-root/container/clean/cleanup.sh script found, skipping cleanup
2021-07-19 14:15:31 A0000_start_container.sh running with pid 15
2021-07-19 14:15:31 A0000 Configurating default host strategy.
2021-07-19 14:15:32 A0000 Checking if certificates need to be copied from /etc/qradar_pki to /etc/pki
2021-07-19 14:15:32 A0000 /etc/qradar_pki does not exist, skipping
2021-07-19 14:15:32 A0000 Attempting to update hosts file with FQDN if present in environment variables
2021-07-19 14:15:32 A0000 FQDN and console ip found in environment variables, will add to hosts file if required
2021-07-19 14:15:32 A0000 Hosts entry not present for FQDN, adding to /etc/hosts
2021-07-19 14:15:32 A0000 Did not find console PEM cert in environment
2021-07-19 14:15:32 A0000_start_container.sh exited with status 0
2021-07-19 14:15:32 A9800_configure.sh running with pid 31
2021-07-19 14:15:32 A9800 Altering sudo access for appuser to allow only update_ca_bundle.sh
2021-07-19 14:15:32 A9800_configure.sh exited with status 0
2021-07-19 14:15:32 A9900_supervisord.sh running with pid 40
2021-07-19 14:15:32 A9900 Starting supervisord
 * Serving Flask app "app" (lazy loading)
 * Environment: development
 * Debug mode: on
 * Running on http://0.0.0.0:5000/ (Press CTRL+C to quit)
 * Restarting with stat
 * Debugger is active!
 * Debugger PIN: 110-799-431
/usr/local/lib/python3.6/site-packages/urllib3/connectionpool.py:1004: InsecureRequestWarning: Unverified HTTPS request is being made to host 'topaz.secintel.intranet.ibm.com'. Adding certificate verification is strongly advised. See: https://urllib3.readthedocs.io/en/latest/advanced-usage.html#ssl-warnings
  InsecureRequestWarning,
172.17.0.1 - - [19/Jul/2021 14:15:43] "[37mGET / HTTP/1.1[0m" 200 -
172.17.0.1 - - [19/Jul/2021 14:15:43] "[37mGET /static/react/static/css/main.8c8b27cf.chunk.css HTTP/1.1[0m" 200 -
172.17.0.1 - - [19/Jul/2021 14:15:43] "[37mGET /static/react/static/js/2.4ca33314.chunk.js HTTP/1.1[0m" 200 -
172.17.0.1 - - [19/Jul/2021 14:15:43] "[37mGET /static/react/static/js/main.ee8a657b.chunk.js HTTP/1.1[0m" 200 -
172.17.0.1 - - [19/Jul/2021 14:15:43] "[37mGET /static/react/static/media/logo.6ce24c58.svg HTTP/1.1[0m" 200 -
172.17.0.1 - - [19/Jul/2021 14:15:43] "[37mGET /static/react/manifest.json HTTP/1.1[0m" 200 -
172.17.0.1 - - [19/Jul/2021 14:15:43] "[37mGET /static/react/favicon.ico HTTP/1.1[0m" 200 -
172.17.0.1 - - [19/Jul/2021 14:15:43] "[37mGET /static/react/logo192.png HTTP/1.1[0m" 200 -
 * Detected change in '/opt/app-root/app/views.py', reloading
 * Restarting with stat
 * Debugger is active!
 * Debugger PIN: 110-799-431
2021-07-19 14:15:57 No /opt/app-root/container/clean/cleanup.sh script found, skipping cleanup
2021-07-19 14:16:15 A0000_start_container.sh running with pid 15
2021-07-19 14:16:15 A0000 Configurating default host strategy.
2021-07-19 14:16:15 A0000 Checking if certificates need to be copied from /etc/qradar_pki to /etc/pki
2021-07-19 14:16:15 A0000 /etc/qradar_pki does not exist, skipping
2021-07-19 14:16:15 A0000 Attempting to update hosts file with FQDN if present in environment variables
2021-07-19 14:16:15 A0000 FQDN and console ip found in environment variables, will add to hosts file if required
2021-07-19 14:16:15 A0000 Hosts entry not present for FQDN, adding to /etc/hosts
2021-07-19 14:16:15 A0000 Did not find console PEM cert in environment
2021-07-19 14:16:15 A0000_start_container.sh exited with status 0
2021-07-19 14:16:15 A9800_configure.sh running with pid 31
2021-07-19 14:16:15 A9800 Altering sudo access for appuser to allow only update_ca_bundle.sh
2021-07-19 14:16:15 A9800_configure.sh exited with status 0
2021-07-19 14:16:15 A9900_supervisord.sh running with pid 40
2021-07-19 14:16:15 A9900 Starting supervisord
 * Serving Flask app "app" (lazy loading)
 * Environment: development
 * Debug mode: on
 * Running on http://0.0.0.0:5000/ (Press CTRL+C to quit)
 * Restarting with stat
 * Debugger is active!
 * Debugger PIN: 106-081-195
/usr/local/lib/python3.6/site-packages/urllib3/connectionpool.py:1004: InsecureRequestWarning: Unverified HTTPS request is being made to host 'topaz.secintel.intranet.ibm.com'. Adding certificate verification is strongly advised. See: https://urllib3.readthedocs.io/en/latest/advanced-usage.html#ssl-warnings
  InsecureRequestWarning,
172.17.0.1 - - [19/Jul/2021 14:18:57] "[37mGET / HTTP/1.1[0m" 200 -
172.17.0.1 - - [19/Jul/2021 14:18:57] "[37mGET /static/react/static/css/main.8c8b27cf.chunk.css HTTP/1.1[0m" 200 -
172.17.0.1 - - [19/Jul/2021 14:18:57] "[37mGET /static/react/static/js/main.ee8a657b.chunk.js HTTP/1.1[0m" 200 -
172.17.0.1 - - [19/Jul/2021 14:18:57] "[37mGET /static/react/static/js/2.4ca33314.chunk.js HTTP/1.1[0m" 200 -
172.17.0.1 - - [19/Jul/2021 14:18:57] "[37mGET /static/react/static/media/logo.6ce24c58.svg HTTP/1.1[0m" 200 -
172.17.0.1 - - [19/Jul/2021 14:18:58] "[37mGET /static/react/manifest.json HTTP/1.1[0m" 200 -
172.17.0.1 - - [19/Jul/2021 14:18:58] "[37mGET /static/react/favicon.ico HTTP/1.1[0m" 200 -
172.17.0.1 - - [19/Jul/2021 14:18:58] "[37mGET /static/react/logo192.png HTTP/1.1[0m" 200 -
2021-07-19 14:21:04 No /opt/app-root/container/clean/cleanup.sh script found, skipping cleanup
2021-07-19 15:43:11 A0000_start_container.sh running with pid 15
2021-07-19 15:43:11 A0000 Configurating default host strategy.
2021-07-19 15:43:11 A0000 Checking if certificates need to be copied from /etc/qradar_pki to /etc/pki
2021-07-19 15:43:11 A0000 /etc/qradar_pki does not exist, skipping
2021-07-19 15:43:11 A0000 Attempting to update hosts file with FQDN if present in environment variables
2021-07-19 15:43:11 A0000 FQDN and console ip found in environment variables, will add to hosts file if required
2021-07-19 15:43:11 A0000 Hosts entry not present for FQDN, adding to /etc/hosts
2021-07-19 15:43:11 A0000 Did not find console PEM cert in environment
2021-07-19 15:43:11 A0000_start_container.sh exited with status 0
2021-07-19 15:43:11 A9800_configure.sh running with pid 31
2021-07-19 15:43:11 A9800 Altering sudo access for appuser to allow only update_ca_bundle.sh
2021-07-19 15:43:11 A9800_configure.sh exited with status 0
2021-07-19 15:43:11 A9900_supervisord.sh running with pid 40
2021-07-19 15:43:11 A9900 Starting supervisord
 * Serving Flask app "app" (lazy loading)
 * Environment: development
 * Debug mode: on
 * Running on http://0.0.0.0:5000/ (Press CTRL+C to quit)
 * Restarting with stat
 * Debugger is active!
 * Debugger PIN: 513-801-291
2021-07-19 15:43:38 No /opt/app-root/container/clean/cleanup.sh script found, skipping cleanup
2021-07-19 15:43:57 A0000_start_container.sh running with pid 14
2021-07-19 15:43:57 A0000 Configurating default host strategy.
2021-07-19 15:43:57 A0000 Checking if certificates need to be copied from /etc/qradar_pki to /etc/pki
2021-07-19 15:43:57 A0000 /etc/qradar_pki does not exist, skipping
2021-07-19 15:43:57 A0000 Attempting to update hosts file with FQDN if present in environment variables
2021-07-19 15:43:57 A0000 FQDN and console ip found in environment variables, will add to hosts file if required
2021-07-19 15:43:57 A0000 Hosts entry not present for FQDN, adding to /etc/hosts
2021-07-19 15:43:57 A0000 Did not find console PEM cert in environment
2021-07-19 15:43:57 A0000_start_container.sh exited with status 0
2021-07-19 15:43:57 A9800_configure.sh running with pid 30
2021-07-19 15:43:57 A9800 Altering sudo access for appuser to allow only update_ca_bundle.sh
2021-07-19 15:43:57 A9800_configure.sh exited with status 0
2021-07-19 15:43:57 A9900_supervisord.sh running with pid 39
2021-07-19 15:43:57 A9900 Starting supervisord
 * Serving Flask app "app" (lazy loading)
 * Environment: development
 * Debug mode: on
 * Running on http://0.0.0.0:5000/ (Press CTRL+C to quit)
 * Restarting with stat
 * Debugger is active!
 * Debugger PIN: 110-156-797
/usr/local/lib/python3.6/site-packages/urllib3/connectionpool.py:1004: InsecureRequestWarning: Unverified HTTPS request is being made to host 'topaz.secintel.intranet.ibm.com'. Adding certificate verification is strongly advised. See: https://urllib3.readthedocs.io/en/latest/advanced-usage.html#ssl-warnings
  InsecureRequestWarning,
172.17.0.1 - - [19/Jul/2021 15:44:12] "[37mGET / HTTP/1.1[0m" 200 -
172.17.0.1 - - [19/Jul/2021 15:44:12] "[37mGET /static/react/static/css/main.8c8b27cf.chunk.css HTTP/1.1[0m" 200 -
172.17.0.1 - - [19/Jul/2021 15:44:12] "[37mGET /static/react/static/js/main.b3e311dc.chunk.js HTTP/1.1[0m" 200 -
172.17.0.1 - - [19/Jul/2021 15:44:12] "[37mGET /static/react/static/js/2.4ca33314.chunk.js HTTP/1.1[0m" 200 -
172.17.0.1 - - [19/Jul/2021 15:44:12] "[37mGET /static/react/static/media/logo.6ce24c58.svg HTTP/1.1[0m" 200 -
172.17.0.1 - - [19/Jul/2021 15:44:12] "[37mGET /static/react/manifest.json HTTP/1.1[0m" 200 -
172.17.0.1 - - [19/Jul/2021 15:44:12] "[37mGET /static/react/favicon.ico HTTP/1.1[0m" 200 -
172.17.0.1 - - [19/Jul/2021 15:44:12] "[37mGET /static/react/logo192.png HTTP/1.1[0m" 200 -
2021-07-19 16:07:35 A0000_start_container.sh running with pid 15
2021-07-19 16:07:35 A0000 Configurating default host strategy.
2021-07-19 16:07:35 A0000 Checking if certificates need to be copied from /etc/qradar_pki to /etc/pki
2021-07-19 16:07:35 A0000 /etc/qradar_pki does not exist, skipping
2021-07-19 16:07:35 A0000 Attempting to update hosts file with FQDN if present in environment variables
2021-07-19 16:07:35 A0000 FQDN and console ip found in environment variables, will add to hosts file if required
2021-07-19 16:07:35 A0000 Hosts entry not present for FQDN, adding to /etc/hosts
2021-07-19 16:07:35 A0000 Did not find console PEM cert in environment
2021-07-19 16:07:35 A0000_start_container.sh exited with status 0
2021-07-19 16:07:35 A9800_configure.sh running with pid 31
2021-07-19 16:07:35 A9800 Altering sudo access for appuser to allow only update_ca_bundle.sh
2021-07-19 16:07:36 A9800_configure.sh exited with status 0
2021-07-19 16:07:36 A9900_supervisord.sh running with pid 40
2021-07-19 16:07:36 A9900 Starting supervisord
 * Serving Flask app "app" (lazy loading)
 * Environment: development
 * Debug mode: on
 * Running on http://0.0.0.0:5000/ (Press CTRL+C to quit)
 * Restarting with stat
 * Debugger is active!
 * Debugger PIN: 124-852-484
/usr/local/lib/python3.6/site-packages/urllib3/connectionpool.py:1004: InsecureRequestWarning: Unverified HTTPS request is being made to host 'topaz.secintel.intranet.ibm.com'. Adding certificate verification is strongly advised. See: https://urllib3.readthedocs.io/en/latest/advanced-usage.html#ssl-warnings
  InsecureRequestWarning,
/usr/local/lib/python3.6/site-packages/urllib3/connectionpool.py:1004: InsecureRequestWarning: Unverified HTTPS request is being made to host 'topaz.secintel.intranet.ibm.com'. Adding certificate verification is strongly advised. See: https://urllib3.readthedocs.io/en/latest/advanced-usage.html#ssl-warnings
  InsecureRequestWarning,
172.17.0.1 - - [19/Jul/2021 16:07:49] "[37mGET / HTTP/1.1[0m" 200 -
172.17.0.1 - - [19/Jul/2021 16:07:53] "[37mGET / HTTP/1.1[0m" 200 -
/usr/local/lib/python3.6/site-packages/urllib3/connectionpool.py:1004: InsecureRequestWarning: Unverified HTTPS request is being made to host 'topaz.secintel.intranet.ibm.com'. Adding certificate verification is strongly advised. See: https://urllib3.readthedocs.io/en/latest/advanced-usage.html#ssl-warnings
  InsecureRequestWarning,
172.17.0.1 - - [19/Jul/2021 16:07:57] "[37mGET / HTTP/1.1[0m" 200 -
/usr/local/lib/python3.6/site-packages/urllib3/connectionpool.py:1004: InsecureRequestWarning: Unverified HTTPS request is being made to host 'topaz.secintel.intranet.ibm.com'. Adding certificate verification is strongly advised. See: https://urllib3.readthedocs.io/en/latest/advanced-usage.html#ssl-warnings
  InsecureRequestWarning,
172.17.0.1 - - [19/Jul/2021 16:08:02] "[37mGET / HTTP/1.1[0m" 200 -
172.17.0.1 - - [19/Jul/2021 16:08:02] "[37mGET /static/react/static/css/main.8c8b27cf.chunk.css HTTP/1.1[0m" 200 -
172.17.0.1 - - [19/Jul/2021 16:08:02] "[37mGET /static/react/static/js/2.4ca33314.chunk.js HTTP/1.1[0m" 200 -
172.17.0.1 - - [19/Jul/2021 16:08:02] "[37mGET /static/react/static/js/main.b3e311dc.chunk.js HTTP/1.1[0m" 200 -
172.17.0.1 - - [19/Jul/2021 16:08:02] "[37mGET /static/react/static/media/logo.6ce24c58.svg HTTP/1.1[0m" 200 -
172.17.0.1 - - [19/Jul/2021 16:08:03] "[37mGET /static/react/manifest.json HTTP/1.1[0m" 200 -
172.17.0.1 - - [19/Jul/2021 16:08:03] "[37mGET /static/react/favicon.ico HTTP/1.1[0m" 200 -
172.17.0.1 - - [19/Jul/2021 16:08:03] "[37mGET /static/react/logo192.png HTTP/1.1[0m" 200 -
